ResNet(
  (conv1): Conv2d(3, 64, kernel_size=(3, 3), stride=(1, 1), padding=(1, 1), bias=False)
  (bn1): BatchNorm2d(64, eps=1e-05, momentum=0.1, affine=True, track_running_stats=True)
  (relu): ReLU(inplace=True)
  (maxpool): MaxPool2d(kernel_size=3, stride=2, padding=1, dilation=1, ceil_mode=False)
  (layer1): Sequential(
    (0): BasicBlock(
      (conv1): Conv2d(64, 64, kernel_size=(3, 3), stride=(1, 1), padding=(1, 1), bias=False)
      (bn1): BatchNorm2d(64, eps=1e-05, momentum=0.1, affine=True, track_running_stats=True)
      (relu): ReLU(inplace=True)
      (conv2): Conv2d(64, 64, kernel_size=(3, 3), stride=(1, 1), padding=(1, 1), bias=False)
      (bn2): BatchNorm2d(64, eps=1e-05, momentum=0.1, affine=True, track_running_stats=True)
    )
    (1): BasicBlock(
      (conv1): Conv2d(64, 64, kernel_size=(3, 3), stride=(1, 1), padding=(1, 1), bias=False)
      (bn1): BatchNorm2d(64, eps=1e-05, momentum=0.1, affine=True, track_running_stats=True)
      (relu): ReLU(inplace=True)
      (conv2): Conv2d(64, 64, kernel_size=(3, 3), stride=(1, 1), padding=(1, 1), bias=False)
      (bn2): BatchNorm2d(64, eps=1e-05, momentum=0.1, affine=True, track_running_stats=True)
    )
  )
  (layer2): Sequential(
    (0): BasicBlock(
      (conv1): Conv2d(64, 128, kernel_size=(3, 3), stride=(2, 2), padding=(1, 1), bias=False)
      (bn1): BatchNorm2d(128, eps=1e-05, momentum=0.1, affine=True, track_running_stats=True)
      (relu): ReLU(inplace=True)
      (conv2): Conv2d(128, 128, kernel_size=(3, 3), stride=(1, 1), padding=(1, 1), bias=False)
      (bn2): BatchNorm2d(128, eps=1e-05, momentum=0.1, affine=True, track_running_stats=True)
      (downsample): Sequential(
        (0): Conv2d(64, 128, kernel_size=(1, 1), stride=(2, 2), bias=False)
        (1): BatchNorm2d(128, eps=1e-05, momentum=0.1, affine=True, track_running_stats=True)
      )
    )
    (1): BasicBlock(
      (conv1): Conv2d(128, 128, kernel_size=(3, 3), stride=(1, 1), padding=(1, 1), bias=False)
      (bn1): BatchNorm2d(128, eps=1e-05, momentum=0.1, affine=True, track_running_stats=True)
      (relu): ReLU(inplace=True)
      (conv2): Conv2d(128, 128, kernel_size=(3, 3), stride=(1, 1), padding=(1, 1), bias=False)
      (bn2): BatchNorm2d(128, eps=1e-05, momentum=0.1, affine=True, track_running_stats=True)
    )
  )
  (layer3): Sequential(
    (0): BasicBlock(
      (conv1): Conv2d(128, 256, kernel_size=(3, 3), stride=(2, 2), padding=(1, 1), bias=False)
      (bn1): BatchNorm2d(256, eps=1e-05, momentum=0.1, affine=True, track_running_stats=True)
      (relu): ReLU(inplace=True)
      (conv2): Conv2d(256, 256, kernel_size=(3, 3), stride=(1, 1), padding=(1, 1), bias=False)
      (bn2): BatchNorm2d(256, eps=1e-05, momentum=0.1, affine=True, track_running_stats=True)
      (downsample): Sequential(
        (0): Conv2d(128, 256, kernel_size=(1, 1), stride=(2, 2), bias=False)
        (1): BatchNorm2d(256, eps=1e-05, momentum=0.1, affine=True, track_running_stats=True)
      )
    )
    (1): BasicBlock(
      (conv1): Conv2d(256, 256, kernel_size=(3, 3), stride=(1, 1), padding=(1, 1), bias=False)
      (bn1): BatchNorm2d(256, eps=1e-05, momentum=0.1, affine=True, track_running_stats=True)
      (relu): ReLU(inplace=True)
      (conv2): Conv2d(256, 256, kernel_size=(3, 3), stride=(1, 1), padding=(1, 1), bias=False)
      (bn2): BatchNorm2d(256, eps=1e-05, momentum=0.1, affine=True, track_running_stats=True)
    )
  )
  (layer4): Sequential(
    (0): BasicBlock(
      (conv1): Conv2d(256, 512, kernel_size=(3, 3), stride=(2, 2), padding=(1, 1), bias=False)
      (bn1): BatchNorm2d(512, eps=1e-05, momentum=0.1, affine=True, track_running_stats=True)
      (relu): ReLU(inplace=True)
      (conv2): Conv2d(512, 512, kernel_size=(3, 3), stride=(1, 1), padding=(1, 1), bias=False)
      (bn2): BatchNorm2d(512, eps=1e-05, momentum=0.1, affine=True, track_running_stats=True)
      (downsample): Sequential(
        (0): Conv2d(256, 512, kernel_size=(1, 1), stride=(2, 2), bias=False)
        (1): BatchNorm2d(512, eps=1e-05, momentum=0.1, affine=True, track_running_stats=True)
      )
    )
    (1): BasicBlock(
      (conv1): Conv2d(512, 512, kernel_size=(3, 3), stride=(1, 1), padding=(1, 1), bias=False)
      (bn1): BatchNorm2d(512, eps=1e-05, momentum=0.1, affine=True, track_running_stats=True)
      (relu): ReLU(inplace=True)
      (conv2): Conv2d(512, 512, kernel_size=(3, 3), stride=(1, 1), padding=(1, 1), bias=False)
      (bn2): BatchNorm2d(512, eps=1e-05, momentum=0.1, affine=True, track_running_stats=True)
    )
  )
  (avgpool): AdaptiveAvgPool2d(output_size=(1, 1))
  (fc): Linear(in_features=512, out_features=10, bias=True)
)
With data augmentation.
Files already downloaded and verified
Files already downloaded and verified
SEED: 0
Cuda detected.
Repeat:  0  Epoch: 0  Loss: 2.3730030059814453
Repeat:  0  Epoch: 0  Loss: 2.3877012729644775
Repeat:  0  Epoch: 0  Loss: 2.37599515914917
Repeat:  0  Epoch: 0  Loss: 2.384183168411255
Repeat:  0  Epoch: 0  Loss: 2.376821279525757
Repeat:  0  Epoch: 0  Loss: 2.383146047592163
Repeat:  0  Epoch: 0  Loss: 2.3726158142089844
Repeat:  0  Epoch: 0  Loss: 2.3639676570892334
Repeat:  0  Epoch: 0  Loss: 2.3583827018737793
Repeat:  0  Epoch: 0  Loss: 2.3690285682678223
Repeat:  0  Epoch: 0  Loss: 2.36799955368042
Repeat:  0  Epoch: 0  Loss: 2.351768970489502
Repeat:  0  Epoch: 0  Loss: 2.3617961406707764
****************************************************************************************************
My model accuracy: 10.3
Ref model accuracy: 91.84
LR: 0.0001
****************************************************************************************************
Repeat:  0  Epoch: 1  Loss: 2.3455758094787598
Repeat:  0  Epoch: 1  Loss: 2.3012630939483643
Repeat:  0  Epoch: 1  Loss: 2.439875364303589
Repeat:  0  Epoch: 1  Loss: 2.5145089626312256
Repeat:  0  Epoch: 1  Loss: 2.472153663635254
Repeat:  0  Epoch: 1  Loss: 2.3178317546844482
Repeat:  0  Epoch: 1  Loss: 2.251793622970581
Repeat:  0  Epoch: 1  Loss: 2.2188570499420166
Repeat:  0  Epoch: 1  Loss: 2.1434130668640137
Repeat:  0  Epoch: 1  Loss: 2.128329277038574
Repeat:  0  Epoch: 1  Loss: 2.1101505756378174
Repeat:  0  Epoch: 1  Loss: 2.0803661346435547
Repeat:  0  Epoch: 1  Loss: 2.0498664379119873
****************************************************************************************************
My model accuracy: 22.1
Ref model accuracy: 91.84
LR: 0.006426999999999978
****************************************************************************************************
Repeat:  0  Epoch: 2  Loss: 2.002671241760254
Repeat:  0  Epoch: 2  Loss: 1.9478641748428345
Repeat:  0  Epoch: 2  Loss: 1.9391591548919678
Repeat:  0  Epoch: 2  Loss: 1.9480938911437988
Repeat:  0  Epoch: 2  Loss: 1.9066871404647827
Repeat:  0  Epoch: 2  Loss: 1.8245490789413452
Repeat:  0  Epoch: 2  Loss: 1.7791216373443604
Repeat:  0  Epoch: 2  Loss: 1.7861828804016113
Repeat:  0  Epoch: 2  Loss: 1.7773792743682861
Repeat:  0  Epoch: 2  Loss: 1.7726373672485352
Repeat:  0  Epoch: 2  Loss: 1.7191362380981445
Repeat:  0  Epoch: 2  Loss: 1.6967006921768188
Repeat:  0  Epoch: 2  Loss: 1.6065367460250854
****************************************************************************************************
My model accuracy: 40.36
Ref model accuracy: 91.84
LR: 0.012121300000000008
****************************************************************************************************
Repeat:  0  Epoch: 3  Loss: 1.6323506832122803
Repeat:  0  Epoch: 3  Loss: 1.6138017177581787
Repeat:  0  Epoch: 3  Loss: 1.6236265897750854
Repeat:  0  Epoch: 3  Loss: 1.6288211345672607
Repeat:  0  Epoch: 3  Loss: 1.5469828844070435
Repeat:  0  Epoch: 3  Loss: 1.5263310670852661
Repeat:  0  Epoch: 3  Loss: 1.5207306146621704
Repeat:  0  Epoch: 3  Loss: 1.5100878477096558
Repeat:  0  Epoch: 3  Loss: 1.5063157081604004
Repeat:  0  Epoch: 3  Loss: 1.5085034370422363
Repeat:  0  Epoch: 3  Loss: 1.4801074266433716
Repeat:  0  Epoch: 3  Loss: 1.4467240571975708
Repeat:  0  Epoch: 3  Loss: 1.324950933456421
****************************************************************************************************
My model accuracy: 47.7
Ref model accuracy: 91.84
LR: 0.017230352499999987
****************************************************************************************************
Repeat:  0  Epoch: 4  Loss: 1.4109448194503784
Repeat:  0  Epoch: 4  Loss: 1.3828411102294922
Repeat:  0  Epoch: 4  Loss: 1.401391863822937
Repeat:  0  Epoch: 4  Loss: 1.414128303527832
Repeat:  0  Epoch: 4  Loss: 1.373295783996582
Repeat:  0  Epoch: 4  Loss: 1.3363642692565918
Repeat:  0  Epoch: 4  Loss: 1.3219112157821655
Repeat:  0  Epoch: 4  Loss: 1.3263431787490845
Repeat:  0  Epoch: 4  Loss: 1.3320598602294922
Repeat:  0  Epoch: 4  Loss: 1.3330743312835693
Repeat:  0  Epoch: 4  Loss: 1.3064512014389038
Repeat:  0  Epoch: 4  Loss: 1.2963725328445435
Repeat:  0  Epoch: 4  Loss: 1.0867072343826294
****************************************************************************************************
My model accuracy: 52.25
Ref model accuracy: 91.84
LR: 0.021798446500000013
****************************************************************************************************
Repeat:  0  Epoch: 5  Loss: 1.2556254863739014
Repeat:  0  Epoch: 5  Loss: 1.240430235862732
Repeat:  0  Epoch: 5  Loss: 1.2503987550735474
Repeat:  0  Epoch: 5  Loss: 1.2598189115524292
Repeat:  0  Epoch: 5  Loss: 1.2387807369232178
Repeat:  0  Epoch: 5  Loss: 1.2040714025497437
Repeat:  0  Epoch: 5  Loss: 1.1846212148666382
Repeat:  0  Epoch: 5  Loss: 1.1839185953140259
Repeat:  0  Epoch: 5  Loss: 1.1845461130142212
Repeat:  0  Epoch: 5  Loss: 1.1888560056686401
Repeat:  0  Epoch: 5  Loss: 1.167441725730896
Repeat:  0  Epoch: 5  Loss: 1.1417930126190186
Repeat:  0  Epoch: 5  Loss: 0.8390797972679138
****************************************************************************************************
My model accuracy: 55.5
Ref model accuracy: 91.84
LR: 0.02586690521874999
****************************************************************************************************
Repeat:  0  Epoch: 6  Loss: 1.1228587627410889
Repeat:  0  Epoch: 6  Loss: 1.1116371154785156
Repeat:  0  Epoch: 6  Loss: 1.1107178926467896
Repeat:  0  Epoch: 6  Loss: 1.1340252161026
Repeat:  0  Epoch: 6  Loss: 1.093616008758545
Repeat:  0  Epoch: 6  Loss: 1.0780689716339111
Repeat:  0  Epoch: 6  Loss: 1.0461759567260742
Repeat:  0  Epoch: 6  Loss: 1.0377836227416992
Repeat:  0  Epoch: 6  Loss: 1.0567433834075928
Repeat:  0  Epoch: 6  Loss: 1.0498298406600952
Repeat:  0  Epoch: 6  Loss: 1.023253321647644
Repeat:  0  Epoch: 6  Loss: 1.004534363746643
Repeat:  0  Epoch: 6  Loss: 0.5667253136634827
****************************************************************************************************
My model accuracy: 57.93
Ref model accuracy: 91.84
LR: 0.029474271949374974
****************************************************************************************************
Repeat:  0  Epoch: 7  Loss: 0.9784165620803833
Repeat:  0  Epoch: 7  Loss: 0.9872713088989258
Repeat:  0  Epoch: 7  Loss: 0.9809972643852234
Repeat:  0  Epoch: 7  Loss: 0.9999138116836548
Repeat:  0  Epoch: 7  Loss: 0.9794846177101135
Repeat:  0  Epoch: 7  Loss: 0.9954646229743958
Repeat:  0  Epoch: 7  Loss: 0.9266253709793091
Repeat:  0  Epoch: 7  Loss: 0.9695549011230469
Repeat:  0  Epoch: 7  Loss: 0.9601956009864807
Repeat:  0  Epoch: 7  Loss: 0.9587000012397766
Repeat:  0  Epoch: 7  Loss: 0.9620715975761414
Repeat:  0  Epoch: 7  Loss: 0.9018285274505615
Repeat:  0  Epoch: 7  Loss: 0.41746559739112854
****************************************************************************************************
My model accuracy: 59.91
Ref model accuracy: 91.84
LR: 0.03265648474389063
****************************************************************************************************
Repeat:  0  Epoch: 8  Loss: 0.8999314904212952
Repeat:  0  Epoch: 8  Loss: 0.9141885042190552
Repeat:  0  Epoch: 8  Loss: 0.9027503132820129
Repeat:  0  Epoch: 8  Loss: 0.9484134912490845
Repeat:  0  Epoch: 8  Loss: 0.9033284187316895
Repeat:  0  Epoch: 8  Loss: 0.8634446263313293
Repeat:  0  Epoch: 8  Loss: 0.847686231136322
Repeat:  0  Epoch: 8  Loss: 0.8313370943069458
Repeat:  0  Epoch: 8  Loss: 0.8527058362960815
Repeat:  0  Epoch: 8  Loss: 0.8675295114517212
Repeat:  0  Epoch: 8  Loss: 0.8308666348457336
Repeat:  0  Epoch: 8  Loss: 0.8210282325744629
Repeat:  0  Epoch: 8  Loss: 0.3217647969722748
****************************************************************************************************
My model accuracy: 59.6
Ref model accuracy: 91.84
LR: 0.03544704057908123
****************************************************************************************************
Repeat:  0  Epoch: 9  Loss: 0.8775440454483032
Repeat:  0  Epoch: 9  Loss: 0.7869803309440613
Repeat:  0  Epoch: 9  Loss: 0.8618152141571045
Repeat:  0  Epoch: 9  Loss: 0.8462381362915039
Repeat:  0  Epoch: 9  Loss: 0.8127450942993164
Repeat:  0  Epoch: 9  Loss: 0.8039829134941101
Repeat:  0  Epoch: 9  Loss: 0.7938844561576843
Repeat:  0  Epoch: 9  Loss: 0.7732827067375183
Repeat:  0  Epoch: 9  Loss: 0.8038422465324402
Repeat:  0  Epoch: 9  Loss: 0.786771833896637
Repeat:  0  Epoch: 9  Loss: 0.79864901304245
Repeat:  0  Epoch: 9  Loss: 0.7093753218650818
Repeat:  0  Epoch: 9  Loss: 0.23971496522426605
****************************************************************************************************
My model accuracy: 60.94
Ref model accuracy: 91.84
LR: 0.03787714961889308
****************************************************************************************************
Repeat:  0  Epoch: 10  Loss: 0.7342308759689331
Repeat:  0  Epoch: 10  Loss: 0.742918848991394
Repeat:  0  Epoch: 10  Loss: 0.7643226981163025
Repeat:  0  Epoch: 10  Loss: 0.7557069659233093
Repeat:  0  Epoch: 10  Loss: 0.7176501750946045
Repeat:  0  Epoch: 10  Loss: 0.7358050346374512
Repeat:  0  Epoch: 10  Loss: 0.6540451049804688
Repeat:  0  Epoch: 10  Loss: 0.6966455578804016
Repeat:  0  Epoch: 10  Loss: 0.6536468267440796
Repeat:  0  Epoch: 10  Loss: 0.6940007209777832
Repeat:  0  Epoch: 10  Loss: 0.6496456861495972
Repeat:  0  Epoch: 10  Loss: 0.6078097224235535
Repeat:  0  Epoch: 10  Loss: 0.14695456624031067
****************************************************************************************************
My model accuracy: 62.01
Ref model accuracy: 91.84
LR: 0.039975880153276015
****************************************************************************************************
Repeat:  0  Epoch: 11  Loss: 0.6388304829597473
Repeat:  0  Epoch: 11  Loss: 0.6500017046928406
Repeat:  0  Epoch: 11  Loss: 0.6135392189025879
Repeat:  0  Epoch: 11  Loss: 0.6749213933944702
Repeat:  0  Epoch: 11  Loss: 0.6011365652084351
Repeat:  0  Epoch: 11  Loss: 0.5987350344657898
Repeat:  0  Epoch: 11  Loss: 0.5802853107452393
Repeat:  0  Epoch: 11  Loss: 0.5635054111480713
Repeat:  0  Epoch: 11  Loss: 0.5821305513381958
Repeat:  0  Epoch: 11  Loss: 0.5713574886322021
Repeat:  0  Epoch: 11  Loss: 0.5582785606384277
Repeat:  0  Epoch: 11  Loss: 0.5148671865463257
Repeat:  0  Epoch: 11  Loss: 0.11041469126939774
****************************************************************************************************
My model accuracy: 61.3
Ref model accuracy: 91.84
LR: 0.041770294760173424
****************************************************************************************************
Repeat:  0  Epoch: 12  Loss: 0.5882411599159241
Repeat:  0  Epoch: 12  Loss: 0.5344840884208679
Repeat:  0  Epoch: 12  Loss: 0.5156978368759155
Repeat:  0  Epoch: 12  Loss: 0.5445594191551208
Repeat:  0  Epoch: 12  Loss: 0.5343411564826965
Repeat:  0  Epoch: 12  Loss: 0.4729873239994049
Repeat:  0  Epoch: 12  Loss: 0.4886131286621094
Repeat:  0  Epoch: 12  Loss: 0.5128874778747559
Repeat:  0  Epoch: 12  Loss: 0.493401437997818
Repeat:  0  Epoch: 12  Loss: 0.5322960019111633
Repeat:  0  Epoch: 12  Loss: 0.48885467648506165
Repeat:  0  Epoch: 12  Loss: 0.4362739026546478
Repeat:  0  Epoch: 12  Loss: 0.06834471225738525
****************************************************************************************************
My model accuracy: 59.68
Ref model accuracy: 91.84
LR: 0.04328557820599793
****************************************************************************************************
Repeat:  0  Epoch: 13  Loss: 0.5662612915039062
Repeat:  0  Epoch: 13  Loss: 0.41711878776550293
Repeat:  0  Epoch: 13  Loss: 0.5106692910194397
Repeat:  0  Epoch: 13  Loss: 0.47692257165908813
Repeat:  0  Epoch: 13  Loss: 0.4466078281402588
Repeat:  0  Epoch: 13  Loss: 0.4199751019477844
Repeat:  0  Epoch: 13  Loss: 0.41802048683166504
Repeat:  0  Epoch: 13  Loss: 0.40284639596939087
Repeat:  0  Epoch: 13  Loss: 0.4110105335712433
Repeat:  0  Epoch: 13  Loss: 0.3939072787761688
Repeat:  0  Epoch: 13  Loss: 0.4043889343738556
Repeat:  0  Epoch: 13  Loss: 0.3581680953502655
Repeat:  0  Epoch: 13  Loss: 0.06709013879299164
****************************************************************************************************
My model accuracy: 60.11
Ref model accuracy: 91.84
LR: 0.04454515757033953
****************************************************************************************************
Repeat:  0  Epoch: 14  Loss: 0.4637288749217987
Repeat:  0  Epoch: 14  Loss: 0.3896816670894623
Repeat:  0  Epoch: 14  Loss: 0.38491228222846985
Repeat:  0  Epoch: 14  Loss: 0.38295626640319824
Repeat:  0  Epoch: 14  Loss: 0.4176265597343445
Repeat:  0  Epoch: 14  Loss: 0.3203843832015991
Repeat:  0  Epoch: 14  Loss: 0.34850335121154785
Repeat:  0  Epoch: 14  Loss: 0.3466506004333496
Repeat:  0  Epoch: 14  Loss: 0.3301146924495697
Repeat:  0  Epoch: 14  Loss: 0.33090007305145264
Repeat:  0  Epoch: 14  Loss: 0.3309422731399536
Repeat:  0  Epoch: 14  Loss: 0.32568979263305664
Repeat:  0  Epoch: 14  Loss: 0.049847617745399475
****************************************************************************************************
My model accuracy: 60.26
Ref model accuracy: 91.84
LR: 0.04557081505273199
****************************************************************************************************
Repeat:  0  Epoch: 15  Loss: 0.39952629804611206
Repeat:  0  Epoch: 15  Loss: 0.315671443939209
Repeat:  0  Epoch: 15  Loss: 0.33867138624191284
Repeat:  0  Epoch: 15  Loss: 0.36066675186157227
Repeat:  0  Epoch: 15  Loss: 0.31283554434776306
Repeat:  0  Epoch: 15  Loss: 0.35841840505599976
Repeat:  0  Epoch: 15  Loss: 0.3030637800693512
Repeat:  0  Epoch: 15  Loss: 0.33426353335380554
Repeat:  0  Epoch: 15  Loss: 0.33535000681877136
Repeat:  0  Epoch: 15  Loss: 0.2994917631149292
Repeat:  0  Epoch: 15  Loss: 0.2756737768650055
Repeat:  0  Epoch: 15  Loss: 0.24210964143276215
Repeat:  0  Epoch: 15  Loss: 0.05694582313299179
****************************************************************************************************
My model accuracy: 63.09
Ref model accuracy: 91.84
LR: 0.04638279389295933
****************************************************************************************************
Repeat:  0  Epoch: 16  Loss: 0.2898755371570587
Repeat:  0  Epoch: 16  Loss: 0.27140676975250244
Repeat:  0  Epoch: 16  Loss: 0.30250972509384155
Repeat:  0  Epoch: 16  Loss: 0.25401967763900757
Repeat:  0  Epoch: 16  Loss: 0.26668205857276917
Repeat:  0  Epoch: 16  Loss: 0.22374489903450012
Repeat:  0  Epoch: 16  Loss: 0.207586407661438
Repeat:  0  Epoch: 16  Loss: 0.2418794184923172
Repeat:  0  Epoch: 16  Loss: 0.23912759125232697
Repeat:  0  Epoch: 16  Loss: 0.2386069893836975
Repeat:  0  Epoch: 16  Loss: 0.23227497935295105
Repeat:  0  Epoch: 16  Loss: 0.217595636844635
Repeat:  0  Epoch: 16  Loss: 0.030506500974297523
****************************************************************************************************
My model accuracy: 62.1
Ref model accuracy: 91.84
LR: 0.042309908030378915
****************************************************************************************************
